# JRE version: Java(TM) SE Runtime Environment (8.0_202-b08) (build 1.8.0_202-b08)
# Java VM: Java HotSpot(TM) 64-Bit Server VM (25.202-b08 mixed mode windows-amd64 compressed oops)
Heap:
 PSYoungGen      total 346112K, used 86052K [0x000000076ef80000, 0x0000000787b00000, 0x00000007c0000000)
  eden space 326656K, 20% used [0x000000076ef80000,0x000000077308aee0,0x0000000782e80000)
  from space 19456K, 99% used [0x0000000784580000,0x000000078587e410,0x0000000785880000)
  to   space 23552K, 0% used [0x0000000782e80000,0x0000000782e80000,0x0000000784580000)
 ParOldGen       total 158720K, used 26982K [0x00000006cce00000, 0x00000006d6900000, 0x000000076ef80000)
  object space 158720K, 17% used [0x00000006cce00000,0x00000006ce8599d8,0x00000006d6900000)
 Metaspace       used 51041K, capacity 54339K, committed 54528K, reserved 1095680K
  class space    used 7267K, capacity 7840K, committed 7936K, reserved 1048576K
GC Heap History (10 events):
Event: 1.166 GC heap before
{Heap before GC invocations=4 (full 1):
 PSYoungGen      total 135168K, used 10236K [0x000000076ef80000, 0x000000077f780000, 0x00000007c0000000)
  eden space 124928K, 0% used [0x000000076ef80000,0x000000076ef80000,0x0000000776980000)
  from space 10240K, 99% used [0x0000000776980000,0x000000077737f030,0x0000000777380000)
  to   space 10240K, 0% used [0x000000077ed80000,0x000000077ed80000,0x000000077f780000)
 ParOldGen       total 166912K, used 322K [0x00000006cce00000, 0x00000006d7100000, 0x000000076ef80000)
  object space 166912K, 0% used [0x00000006cce00000,0x00000006cce50ae8,0x00000006d7100000)
 Metaspace       used 20250K, capacity 21144K, committed 21296K, reserved 1067008K
  class space    used 2711K, capacity 2924K, committed 2944K, reserved 1048576K
Event: 1.181 GC heap after
Heap after GC invocations=4 (full 1):
 PSYoungGen      total 135168K, used 0K [0x000000076ef80000, 0x000000077f780000, 0x00000007c0000000)
  eden space 124928K, 0% used [0x000000076ef80000,0x000000076ef80000,0x0000000776980000)
  from space 10240K, 0% used [0x0000000776980000,0x0000000776980000,0x0000000777380000)
  to   space 10240K, 0% used [0x000000077ed80000,0x000000077ed80000,0x000000077f780000)
 ParOldGen       total 93696K, used 10116K [0x00000006cce00000, 0x00000006d2980000, 0x000000076ef80000)
  object space 93696K, 10% used [0x00000006cce00000,0x00000006cd7e11e8,0x00000006d2980000)
 Metaspace       used 20250K, capacity 21144K, committed 21296K, reserved 1067008K
  class space    used 2711K, capacity 2924K, committed 2944K, reserved 1048576K
}
Event: 1.745 GC heap before
{Heap before GC invocations=5 (full 1):
 PSYoungGen      total 135168K, used 124928K [0x000000076ef80000, 0x000000077f780000, 0x00000007c0000000)
  eden space 124928K, 100% used [0x000000076ef80000,0x0000000776980000,0x0000000776980000)
  from space 10240K, 0% used [0x0000000776980000,0x0000000776980000,0x0000000777380000)
  to   space 10240K, 0% used [0x000000077ed80000,0x000000077ed80000,0x000000077f780000)
 ParOldGen       total 93696K, used 10116K [0x00000006cce00000, 0x00000006d2980000, 0x000000076ef80000)
  object space 93696K, 10% used [0x00000006cce00000,0x00000006cd7e11e8,0x00000006d2980000)
 Metaspace       used 25466K, capacity 26842K, committed 27008K, reserved 1073152K
  class space    used 3555K, capacity 3845K, committed 3968K, reserved 1048576K
Event: 1.751 GC heap after
Heap after GC invocations=5 (full 1):
 PSYoungGen      total 215552K, used 10218K [0x000000076ef80000, 0x000000077f780000, 0x00000007c0000000)
  eden space 205312K, 0% used [0x000000076ef80000,0x000000076ef80000,0x000000077b800000)
  from space 10240K, 99% used [0x000000077ed80000,0x000000077f77aa48,0x000000077f780000)
  to   space 10240K, 0% used [0x000000077e380000,0x000000077e380000,0x000000077ed80000)
 ParOldGen       total 93696K, used 11636K [0x00000006cce00000, 0x00000006d2980000, 0x000000076ef80000)
  object space 93696K, 12% used [0x00000006cce00000,0x00000006cd95d2a8,0x00000006d2980000)
 Metaspace       used 25466K, capacity 26842K, committed 27008K, reserved 1073152K
  class space    used 3555K, capacity 3845K, committed 3968K, reserved 1048576K
}
Event: 2.752 GC heap before
{Heap before GC invocations=6 (full 1):
 PSYoungGen      total 215552K, used 178348K [0x000000076ef80000, 0x000000077f780000, 0x00000007c0000000)
  eden space 205312K, 81% used [0x000000076ef80000,0x00000007793b0968,0x000000077b800000)
  from space 10240K, 99% used [0x000000077ed80000,0x000000077f77aa48,0x000000077f780000)
  to   space 10240K, 0% used [0x000000077e380000,0x000000077e380000,0x000000077ed80000)
 ParOldGen       total 93696K, used 11636K [0x00000006cce00000, 0x00000006d2980000, 0x000000076ef80000)
  object space 93696K, 12% used [0x00000006cce00000,0x00000006cd95d2a8,0x00000006d2980000)
 Metaspace       used 33336K, capacity 35410K, committed 35496K, reserved 1079296K
  class space    used 4666K, capacity 5070K, committed 5120K, reserved 1048576K
Event: 2.763 GC heap after
Heap after GC invocations=6 (full 1):
 PSYoungGen      total 260096K, used 10225K [0x000000076ef80000, 0x0000000785880000, 0x00000007c0000000)
  eden space 249856K, 0% used [0x000000076ef80000,0x000000076ef80000,0x000000077e380000)
  from space 10240K, 99% used [0x000000077e380000,0x000000077ed7c700,0x000000077ed80000)
  to   space 19456K, 0% used [0x0000000784580000,0x0000000784580000,0x0000000785880000)
 ParOldGen       total 93696K, used 22341K [0x00000006cce00000, 0x00000006d2980000, 0x000000076ef80000)
  object space 93696K, 23% used [0x00000006cce00000,0x00000006ce3d1678,0x00000006d2980000)
 Metaspace       used 33336K, capacity 35410K, committed 35496K, reserved 1079296K
  class space    used 4666K, capacity 5070K, committed 5120K, reserved 1048576K
}
Event: 2.763 GC heap before
{Heap before GC invocations=7 (full 2):
 PSYoungGen      total 260096K, used 10225K [0x000000076ef80000, 0x0000000785880000, 0x00000007c0000000)
  eden space 249856K, 0% used [0x000000076ef80000,0x000000076ef80000,0x000000077e380000)
  from space 10240K, 99% used [0x000000077e380000,0x000000077ed7c700,0x000000077ed80000)
  to   space 19456K, 0% used [0x0000000784580000,0x0000000784580000,0x0000000785880000)
 ParOldGen       total 93696K, used 22341K [0x00000006cce00000, 0x00000006d2980000, 0x000000076ef80000)
  object space 93696K, 23% used [0x00000006cce00000,0x00000006ce3d1678,0x00000006d2980000)
 Metaspace       used 33336K, capacity 35410K, committed 35496K, reserved 1079296K
  class space    used 4666K, capacity 5070K, committed 5120K, reserved 1048576K
Event: 2.812 GC heap after
Heap after GC invocations=7 (full 2):
 PSYoungGen      total 260096K, used 0K [0x000000076ef80000, 0x0000000785880000, 0x00000007c0000000)
  eden space 249856K, 0% used [0x000000076ef80000,0x000000076ef80000,0x000000077e380000)
  from space 10240K, 0% used [0x000000077e380000,0x000000077e380000,0x000000077ed80000)
  to   space 19456K, 0% used [0x0000000784580000,0x0000000784580000,0x0000000785880000)
 ParOldGen       total 158720K, used 25018K [0x00000006cce00000, 0x00000006d6900000, 0x000000076ef80000)
  object space 158720K, 15% used [0x00000006cce00000,0x00000006ce66ea68,0x00000006d6900000)
 Metaspace       used 33336K, capacity 35410K, committed 35496K, reserved 1079296K
  class space    used 4666K, capacity 5070K, committed 5120K, reserved 1048576K
}
Event: 6.773 GC heap before
{Heap before GC invocations=8 (full 2):
 PSYoungGen      total 260096K, used 249856K [0x000000076ef80000, 0x0000000785880000, 0x00000007c0000000)
  eden space 249856K, 100% used [0x000000076ef80000,0x000000077e380000,0x000000077e380000)
  from space 10240K, 0% used [0x000000077e380000,0x000000077e380000,0x000000077ed80000)
  to   space 19456K, 0% used [0x0000000784580000,0x0000000784580000,0x0000000785880000)
 ParOldGen       total 158720K, used 25018K [0x00000006cce00000, 0x00000006d6900000, 0x000000076ef80000)
  object space 158720K, 15% used [0x00000006cce00000,0x00000006ce66ea68,0x00000006d6900000)
 Metaspace       used 48891K, capacity 52066K, committed 52352K, reserved 1093632K
  class space    used 6931K, capacity 7497K, committed 7552K, reserved 1048576K
Event: 6.786 GC heap after
Heap after GC invocations=8 (full 2):
 PSYoungGen      total 346112K, used 19449K [0x000000076ef80000, 0x0000000787b00000, 0x00000007c0000000)
  eden space 326656K, 0% used [0x000000076ef80000,0x000000076ef80000,0x0000000782e80000)
  from space 19456K, 99% used [0x0000000784580000,0x000000078587e410,0x0000000785880000)
  to   space 23552K, 0% used [0x0000000782e80000,0x0000000782e80000,0x0000000784580000)
 ParOldGen       total 158720K, used 26982K [0x00000006cce00000, 0x00000006d6900000, 0x000000076ef80000)
  object space 158720K, 17% used [0x00000006cce00000,0x00000006ce8599d8,0x00000006d6900000)
 Metaspace       used 48891K, capacity 52066K, committed 52352K, reserved 1093632K
  class space    used 6931K, capacity 7497K, committed 7552K, reserved 1048576K
}

